<?xml version="1.0" encoding="UTF-8"?>
<!-- Generated by org.testng.reporters.JUnitXMLReporter -->
<testsuite ignored="0" hostname="DESKTOP-MULBKCH" failures="0" tests="10" name="Test" time="21.489" errors="0" timestamp="2022-02-28T12:02:15 IST">
  <testcase classname="selenium.Learning.SeleniumLearningProject.ANTSample" name="methodOne" time="8.921"/>
  <testcase classname="selenium.Learning.SeleniumLearningProject.ClassTwo" name="methodTwoA" time="3.478"/>
  <testcase classname="selenium.Learning.SeleniumLearningProject.ClassTwo" name="methodTwoB" time="0.003"/>
  <testcase classname="selenium.Learning.SeleniumLearningProject.ClassTwo" name="methodTwoC" time="0.002"/>
  <testcase classname="selenium.Learning.SeleniumLearningProject.ClassThree" name="methodThreeA" time="3.528"/>
  <testcase classname="selenium.Learning.SeleniumLearningProject.ClassThree" name="methodThreeB" time="0.002"/>
  <testcase classname="selenium.Learning.SeleniumLearningProject.ClassThree" name="methodThreeC" time="0.002"/>
  <testcase classname="selenium.Learning.SeleniumLearningProject.ClassFour" name="methodFourA" time="5.446"/>
  <testcase classname="selenium.Learning.SeleniumLearningProject.ClassFour" name="methodFourB" time="0.005"/>
  <testcase classname="selenium.Learning.SeleniumLearningProject.ClassFour" name="methodFourC" time="0.001"/>
</testsuite> <!-- Test -->
