<?xml version="1.0" encoding="UTF-8"?>
<testng-results ignored="0" total="1" passed="1" failed="0" skipped="0">
  <reporter-output>
  </reporter-output>
  <suite started-at="2022-02-25T10:59:57 IST" name="Default suite" finished-at="2022-02-25T11:00:05 IST" duration-ms="8299">
    <groups>
    </groups>
    <test started-at="2022-02-25T10:59:57 IST" name="Default test" finished-at="2022-02-25T11:00:05 IST" duration-ms="8299">
      <class name="selenium.Learning.SeleniumLearningProject.TakingScreenshot">
        <test-method signature="testOmayo()[pri:0, instance:selenium.Learning.SeleniumLearningProject.TakingScreenshot@26e356f0]" started-at="2022-02-25T10:59:57 IST" name="testOmayo" finished-at="2022-02-25T11:00:05 IST" duration-ms="8248" status="PASS">
          <reporter-output>
          </reporter-output>
        </test-method> <!-- testOmayo -->
      </class> <!-- selenium.Learning.SeleniumLearningProject.TakingScreenshot -->
    </test> <!-- Default test -->
  </suite> <!-- Default suite -->
</testng-results>
