<?xml version="1.0" encoding="UTF-8"?>
<testng-results ignored="0" total="1" passed="1" failed="0" skipped="0">
  <reporter-output>
  </reporter-output>
  <suite started-at="2022-03-13T18:00:14 IST" name="Zoho Suite" finished-at="2022-03-13T18:00:27 IST" duration-ms="12978">
    <groups>
    </groups>
    <test started-at="2022-03-13T18:00:14 IST" name="Login Test" finished-at="2022-03-13T18:00:27 IST" duration-ms="12978">
      <class name="projectObjecModel.tests.LoginTest">
        <test-method signature="testLogin()[pri:0, instance:projectObjecModel.tests.LoginTest@c430e6c]" started-at="2022-03-13T18:00:14 IST" name="testLogin" finished-at="2022-03-13T18:00:26 IST" duration-ms="11477" status="PASS">
          <reporter-output>
          </reporter-output>
        </test-method> <!-- testLogin -->
        <test-method is-config="true" signature="testClosure()[pri:0, instance:projectObjecModel.tests.LoginTest@c430e6c]" started-at="2022-03-13T18:00:26 IST" name="testClosure" finished-at="2022-03-13T18:00:27 IST" duration-ms="1440" status="PASS">
          <reporter-output>
          </reporter-output>
        </test-method> <!-- testClosure -->
      </class> <!-- projectObjecModel.tests.LoginTest -->
    </test> <!-- Login Test -->
  </suite> <!-- Zoho Suite -->
</testng-results>
